─ Session info ────────────────────────────────────────────────────────────────────────────────────────────────────────────────────────────────────────────────────────────────────────
 setting  value
 version  R version 4.2.2 (2022-10-31)
 os       macOS Ventura 13.2
 system   aarch64, darwin22.1.0
 ui       RStudio
 language (EN)
 collate  en_US.UTF-8
 ctype    en_US.UTF-8
 tz       Europe/Berlin
 date     2023-03-23
 rstudio  2022.07.1+554 Spotted Wakerobin (desktop)
 pandoc   NA

─ Packages ────────────────────────────────────────────────────────────────────────────────────────────────────────────────────────────────────────────────────────────────────────────
 package     * version   date (UTC) lib source
 assertthat    0.2.1     2019-03-21 [1] CRAN (R 4.2.1)
 base64enc     0.1-3     2015-07-28 [1] CRAN (R 4.2.1)
 cli           3.4.1     2022-09-23 [1] CRAN (R 4.2.1)
 colorspace    2.0-3     2022-02-21 [1] CRAN (R 4.2.1)
 DBI           1.1.3     2022-06-18 [1] CRAN (R 4.2.1)
 dplyr         1.0.10    2022-09-01 [1] CRAN (R 4.2.1)
 fansi         1.0.3     2022-03-24 [1] CRAN (R 4.2.1)
 generics      0.1.3     2022-07-05 [1] CRAN (R 4.2.1)
 ggplot2       3.4.0     2022-11-04 [1] CRAN (R 4.2.1)
 glue          1.6.2     2022-02-24 [1] CRAN (R 4.2.1)
 grImport2     0.2-0     2019-11-25 [1] CRAN (R 4.2.1)
 gtable        0.3.1     2022-09-01 [1] CRAN (R 4.2.1)
 jpeg          0.1-9     2021-07-24 [1] CRAN (R 4.2.1)
 lifecycle     1.0.3     2022-10-07 [1] CRAN (R 4.2.1)
 magrittr      2.0.3     2022-03-30 [1] CRAN (R 4.2.1)
 munsell       0.5.0     2018-06-12 [1] CRAN (R 4.2.1)
 pillar        1.8.1     2022-08-19 [1] CRAN (R 4.2.1)
 pkgconfig     2.0.3     2019-09-22 [1] CRAN (R 4.2.1)
 png           0.1-7     2013-12-03 [1] CRAN (R 4.2.1)
 purrr         0.3.5     2022-10-06 [1] CRAN (R 4.2.1)
 R6            2.5.1     2021-08-19 [1] CRAN (R 4.2.1)
 RIdeogram   * 0.2.2     2020-01-20 [1] CRAN (R 4.2.2)
 rlang         1.0.6     2022-09-24 [1] CRAN (R 4.2.1)
 rstudioapi    0.14      2022-08-22 [1] CRAN (R 4.2.1)
 rsvg          2.3.2     2022-10-18 [1] CRAN (R 4.2.1)
 scales        1.2.1     2022-08-20 [1] CRAN (R 4.2.1)
 sessioninfo   1.2.2     2021-12-06 [1] CRAN (R 4.2.1)
 tibble        3.1.8     2022-07-22 [1] CRAN (R 4.2.1)
 tidyr         1.2.1     2022-09-08 [1] CRAN (R 4.2.1)
 tidyselect    1.2.0     2022-10-10 [1] CRAN (R 4.2.1)
 utf8          1.2.2     2021-07-24 [1] CRAN (R 4.2.1)
 vctrs         0.5.0     2022-10-22 [1] CRAN (R 4.2.1)
 XML           3.99-0.12 2022-10-28 [1] CRAN (R 4.2.1)

 [1] /opt/homebrew/lib/R/4.2/site-library
 [2] /opt/homebrew/Cellar/r/4.2.2_1/lib/R/library

───────────────────────────────────────────────────────────────────────────────────────────────────────────────────────────────────────────────────────────────────────────────────────
